<?xml version="1.0" encoding="UTF-8"?>
<testsuite xmlns:xsi="http://www.w3.org/2001/XMLSchema-instance" xsi:noNamespaceSchemaLocation="https://maven.apache.org/surefire/maven-surefire-plugin/xsd/surefire-test-report.xsd" name="com.ieremeiov.authserver.HappyTest" time="4.113" tests="1" errors="0" skipped="0" failures="0">
  <properties>
    <property name="java.specification.version" value="17"/>
    <property name="sun.cpu.isalist" value="amd64"/>
    <property name="sun.jnu.encoding" value="Cp1252"/>
    <property name="java.class.path" value="C:\Workspaces\_COREMAKER\auth_new\target\test-classes;C:\Workspaces\_COREMAKER\auth_new\target\classes;C:\Users\admin\.m2\repository\org\springframework\boot\spring-boot-starter-security\2.7.8\spring-boot-starter-security-2.7.8.jar;C:\Users\admin\.m2\repository\org\springframework\boot\spring-boot-starter\2.7.8\spring-boot-starter-2.7.8.jar;C:\Users\admin\.m2\repository\org\springframework\boot\spring-boot\2.7.8\spring-boot-2.7.8.jar;C:\Users\admin\.m2\repository\org\springframework\boot\spring-boot-autoconfigure\2.7.8\spring-boot-autoconfigure-2.7.8.jar;C:\Users\admin\.m2\repository\org\springframework\boot\spring-boot-starter-logging\2.7.8\spring-boot-starter-logging-2.7.8.jar;C:\Users\admin\.m2\repository\ch\qos\logback\logback-classic\1.2.11\logback-classic-1.2.11.jar;C:\Users\admin\.m2\repository\ch\qos\logback\logback-core\1.2.11\logback-core-1.2.11.jar;C:\Users\admin\.m2\repository\org\apache\logging\log4j\log4j-to-slf4j\2.17.2\log4j-to-slf4j-2.17.2.jar;C:\Users\admin\.m2\repository\org\apache\logging\log4j\log4j-api\2.17.2\log4j-api-2.17.2.jar;C:\Users\admin\.m2\repository\org\slf4j\jul-to-slf4j\1.7.36\jul-to-slf4j-1.7.36.jar;C:\Users\admin\.m2\repository\jakarta\annotation\jakarta.annotation-api\1.3.5\jakarta.annotation-api-1.3.5.jar;C:\Users\admin\.m2\repository\org\yaml\snakeyaml\1.30\snakeyaml-1.30.jar;C:\Users\admin\.m2\repository\org\springframework\spring-aop\5.3.25\spring-aop-5.3.25.jar;C:\Users\admin\.m2\repository\org\springframework\spring-beans\5.3.25\spring-beans-5.3.25.jar;C:\Users\admin\.m2\repository\org\springframework\security\spring-security-config\5.7.6\spring-security-config-5.7.6.jar;C:\Users\admin\.m2\repository\org\springframework\security\spring-security-core\5.7.6\spring-security-core-5.7.6.jar;C:\Users\admin\.m2\repository\org\springframework\security\spring-security-crypto\5.7.6\spring-security-crypto-5.7.6.jar;C:\Users\admin\.m2\repository\org\springframework\spring-context\5.3.25\spring-context-5.3.25.jar;C:\Users\admin\.m2\repository\org\springframework\security\spring-security-web\5.7.6\spring-security-web-5.7.6.jar;C:\Users\admin\.m2\repository\org\springframework\spring-expression\5.3.25\spring-expression-5.3.25.jar;C:\Users\admin\.m2\repository\org\springframework\boot\spring-boot-starter-web\2.7.8\spring-boot-starter-web-2.7.8.jar;C:\Users\admin\.m2\repository\org\springframework\boot\spring-boot-starter-json\2.7.8\spring-boot-starter-json-2.7.8.jar;C:\Users\admin\.m2\repository\com\fasterxml\jackson\datatype\jackson-datatype-jdk8\2.13.4\jackson-datatype-jdk8-2.13.4.jar;C:\Users\admin\.m2\repository\com\fasterxml\jackson\datatype\jackson-datatype-jsr310\2.13.4\jackson-datatype-jsr310-2.13.4.jar;C:\Users\admin\.m2\repository\com\fasterxml\jackson\module\jackson-module-parameter-names\2.13.4\jackson-module-parameter-names-2.13.4.jar;C:\Users\admin\.m2\repository\org\springframework\boot\spring-boot-starter-tomcat\2.7.8\spring-boot-starter-tomcat-2.7.8.jar;C:\Users\admin\.m2\repository\org\apache\tomcat\embed\tomcat-embed-core\9.0.71\tomcat-embed-core-9.0.71.jar;C:\Users\admin\.m2\repository\org\apache\tomcat\embed\tomcat-embed-websocket\9.0.71\tomcat-embed-websocket-9.0.71.jar;C:\Users\admin\.m2\repository\org\springframework\spring-web\5.3.25\spring-web-5.3.25.jar;C:\Users\admin\.m2\repository\org\springframework\spring-webmvc\5.3.25\spring-webmvc-5.3.25.jar;C:\Users\admin\.m2\repository\org\springframework\boot\spring-boot-starter-webflux\2.7.8\spring-boot-starter-webflux-2.7.8.jar;C:\Users\admin\.m2\repository\org\springframework\boot\spring-boot-starter-reactor-netty\2.7.8\spring-boot-starter-reactor-netty-2.7.8.jar;C:\Users\admin\.m2\repository\io\projectreactor\netty\reactor-netty-http\1.0.27\reactor-netty-http-1.0.27.jar;C:\Users\admin\.m2\repository\io\netty\netty-codec-http\4.1.87.Final\netty-codec-http-4.1.87.Final.jar;C:\Users\admin\.m2\repository\io\netty\netty-common\4.1.87.Final\netty-common-4.1.87.Final.jar;C:\Users\admin\.m2\repository\io\netty\netty-buffer\4.1.87.Final\netty-buffer-4.1.87.Final.jar;C:\Users\admin\.m2\repository\io\netty\netty-transport\4.1.87.Final\netty-transport-4.1.87.Final.jar;C:\Users\admin\.m2\repository\io\netty\netty-codec\4.1.87.Final\netty-codec-4.1.87.Final.jar;C:\Users\admin\.m2\repository\io\netty\netty-handler\4.1.87.Final\netty-handler-4.1.87.Final.jar;C:\Users\admin\.m2\repository\io\netty\netty-codec-http2\4.1.87.Final\netty-codec-http2-4.1.87.Final.jar;C:\Users\admin\.m2\repository\io\netty\netty-resolver-dns\4.1.87.Final\netty-resolver-dns-4.1.87.Final.jar;C:\Users\admin\.m2\repository\io\netty\netty-resolver\4.1.87.Final\netty-resolver-4.1.87.Final.jar;C:\Users\admin\.m2\repository\io\netty\netty-codec-dns\4.1.87.Final\netty-codec-dns-4.1.87.Final.jar;C:\Users\admin\.m2\repository\io\netty\netty-resolver-dns-native-macos\4.1.87.Final\netty-resolver-dns-native-macos-4.1.87.Final-osx-x86_64.jar;C:\Users\admin\.m2\repository\io\netty\netty-resolver-dns-classes-macos\4.1.87.Final\netty-resolver-dns-classes-macos-4.1.87.Final.jar;C:\Users\admin\.m2\repository\io\netty\netty-transport-native-epoll\4.1.87.Final\netty-transport-native-epoll-4.1.87.Final-linux-x86_64.jar;C:\Users\admin\.m2\repository\io\netty\netty-transport-native-unix-common\4.1.87.Final\netty-transport-native-unix-common-4.1.87.Final.jar;C:\Users\admin\.m2\repository\io\netty\netty-transport-classes-epoll\4.1.87.Final\netty-transport-classes-epoll-4.1.87.Final.jar;C:\Users\admin\.m2\repository\io\projectreactor\netty\reactor-netty-core\1.0.27\reactor-netty-core-1.0.27.jar;C:\Users\admin\.m2\repository\io\netty\netty-handler-proxy\4.1.87.Final\netty-handler-proxy-4.1.87.Final.jar;C:\Users\admin\.m2\repository\io\netty\netty-codec-socks\4.1.87.Final\netty-codec-socks-4.1.87.Final.jar;C:\Users\admin\.m2\repository\org\springframework\spring-webflux\5.3.25\spring-webflux-5.3.25.jar;C:\Users\admin\.m2\repository\org\springframework\boot\spring-boot-starter-validation\2.7.8\spring-boot-starter-validation-2.7.8.jar;C:\Users\admin\.m2\repository\org\apache\tomcat\embed\tomcat-embed-el\9.0.71\tomcat-embed-el-9.0.71.jar;C:\Users\admin\.m2\repository\org\hibernate\validator\hibernate-validator\6.2.5.Final\hibernate-validator-6.2.5.Final.jar;C:\Users\admin\.m2\repository\jakarta\validation\jakarta.validation-api\2.0.2\jakarta.validation-api-2.0.2.jar;C:\Users\admin\.m2\repository\org\jboss\logging\jboss-logging\3.4.3.Final\jboss-logging-3.4.3.Final.jar;C:\Users\admin\.m2\repository\com\fasterxml\classmate\1.5.1\classmate-1.5.1.jar;C:\Users\admin\.m2\repository\com\auth0\java-jwt\3.10.3\java-jwt-3.10.3.jar;C:\Users\admin\.m2\repository\com\fasterxml\jackson\core\jackson-databind\2.13.4.2\jackson-databind-2.13.4.2.jar;C:\Users\admin\.m2\repository\com\fasterxml\jackson\core\jackson-annotations\2.13.4\jackson-annotations-2.13.4.jar;C:\Users\admin\.m2\repository\com\fasterxml\jackson\core\jackson-core\2.13.4\jackson-core-2.13.4.jar;C:\Users\admin\.m2\repository\commons-codec\commons-codec\1.15\commons-codec-1.15.jar;C:\Users\admin\.m2\repository\org\projectlombok\lombok\1.18.24\lombok-1.18.24.jar;C:\Users\admin\.m2\repository\org\springframework\boot\spring-boot-starter-test\2.7.8\spring-boot-starter-test-2.7.8.jar;C:\Users\admin\.m2\repository\org\springframework\boot\spring-boot-test\2.7.8\spring-boot-test-2.7.8.jar;C:\Users\admin\.m2\repository\org\springframework\boot\spring-boot-test-autoconfigure\2.7.8\spring-boot-test-autoconfigure-2.7.8.jar;C:\Users\admin\.m2\repository\com\jayway\jsonpath\json-path\2.7.0\json-path-2.7.0.jar;C:\Users\admin\.m2\repository\net\minidev\json-smart\2.4.8\json-smart-2.4.8.jar;C:\Users\admin\.m2\repository\net\minidev\accessors-smart\2.4.8\accessors-smart-2.4.8.jar;C:\Users\admin\.m2\repository\org\ow2\asm\asm\9.1\asm-9.1.jar;C:\Users\admin\.m2\repository\org\slf4j\slf4j-api\1.7.36\slf4j-api-1.7.36.jar;C:\Users\admin\.m2\repository\jakarta\xml\bind\jakarta.xml.bind-api\2.3.3\jakarta.xml.bind-api-2.3.3.jar;C:\Users\admin\.m2\repository\jakarta\activation\jakarta.activation-api\1.2.2\jakarta.activation-api-1.2.2.jar;C:\Users\admin\.m2\repository\org\assertj\assertj-core\3.22.0\assertj-core-3.22.0.jar;C:\Users\admin\.m2\repository\org\hamcrest\hamcrest\2.2\hamcrest-2.2.jar;C:\Users\admin\.m2\repository\org\junit\jupiter\junit-jupiter\5.8.2\junit-jupiter-5.8.2.jar;C:\Users\admin\.m2\repository\org\junit\jupiter\junit-jupiter-api\5.8.2\junit-jupiter-api-5.8.2.jar;C:\Users\admin\.m2\repository\org\opentest4j\opentest4j\1.2.0\opentest4j-1.2.0.jar;C:\Users\admin\.m2\repository\org\junit\platform\junit-platform-commons\1.8.2\junit-platform-commons-1.8.2.jar;C:\Users\admin\.m2\repository\org\apiguardian\apiguardian-api\1.1.2\apiguardian-api-1.1.2.jar;C:\Users\admin\.m2\repository\org\junit\jupiter\junit-jupiter-params\5.8.2\junit-jupiter-params-5.8.2.jar;C:\Users\admin\.m2\repository\org\junit\jupiter\junit-jupiter-engine\5.8.2\junit-jupiter-engine-5.8.2.jar;C:\Users\admin\.m2\repository\org\junit\platform\junit-platform-engine\1.8.2\junit-platform-engine-1.8.2.jar;C:\Users\admin\.m2\repository\org\mockito\mockito-core\4.5.1\mockito-core-4.5.1.jar;C:\Users\admin\.m2\repository\net\bytebuddy\byte-buddy\1.12.22\byte-buddy-1.12.22.jar;C:\Users\admin\.m2\repository\net\bytebuddy\byte-buddy-agent\1.12.22\byte-buddy-agent-1.12.22.jar;C:\Users\admin\.m2\repository\org\objenesis\objenesis\3.2\objenesis-3.2.jar;C:\Users\admin\.m2\repository\org\mockito\mockito-junit-jupiter\4.5.1\mockito-junit-jupiter-4.5.1.jar;C:\Users\admin\.m2\repository\org\skyscreamer\jsonassert\1.5.1\jsonassert-1.5.1.jar;C:\Users\admin\.m2\repository\com\vaadin\external\google\android-json\0.0.20131108.vaadin1\android-json-0.0.20131108.vaadin1.jar;C:\Users\admin\.m2\repository\org\springframework\spring-core\5.3.25\spring-core-5.3.25.jar;C:\Users\admin\.m2\repository\org\springframework\spring-jcl\5.3.25\spring-jcl-5.3.25.jar;C:\Users\admin\.m2\repository\org\springframework\spring-test\5.3.25\spring-test-5.3.25.jar;C:\Users\admin\.m2\repository\org\xmlunit\xmlunit-core\2.9.1\xmlunit-core-2.9.1.jar;C:\Users\admin\.m2\repository\io\projectreactor\reactor-test\3.4.26\reactor-test-3.4.26.jar;C:\Users\admin\.m2\repository\io\projectreactor\reactor-core\3.4.26\reactor-core-3.4.26.jar;C:\Users\admin\.m2\repository\org\reactivestreams\reactive-streams\1.0.4\reactive-streams-1.0.4.jar;"/>
    <property name="java.vm.vendor" value="Amazon.com Inc."/>
    <property name="sun.arch.data.model" value="64"/>
    <property name="user.variant" value=""/>
    <property name="java.vendor.url" value="https://aws.amazon.com/corretto/"/>
    <property name="user.timezone" value="Europe/Bucharest"/>
    <property name="os.name" value="Windows 10"/>
    <property name="java.vm.specification.version" value="17"/>
    <property name="sun.java.launcher" value="SUN_STANDARD"/>
    <property name="user.country" value="US"/>
    <property name="sun.boot.library.path" value="C:\Users\admin\.jdks\corretto-17.0.6\bin"/>
    <property name="sun.java.command" value="C:\Users\admin\AppData\Local\Temp\surefire4931978390909966172\surefirebooter4145139024112810183.jar C:\Users\admin\AppData\Local\Temp\surefire4931978390909966172 2023-02-04T19-17-47_004-jvmRun1 surefire1407730578808579237tmp surefire_015928763307068874308tmp"/>
    <property name="jdk.debug" value="release"/>
    <property name="surefire.test.class.path" value="C:\Workspaces\_COREMAKER\auth_new\target\test-classes;C:\Workspaces\_COREMAKER\auth_new\target\classes;C:\Users\admin\.m2\repository\org\springframework\boot\spring-boot-starter-security\2.7.8\spring-boot-starter-security-2.7.8.jar;C:\Users\admin\.m2\repository\org\springframework\boot\spring-boot-starter\2.7.8\spring-boot-starter-2.7.8.jar;C:\Users\admin\.m2\repository\org\springframework\boot\spring-boot\2.7.8\spring-boot-2.7.8.jar;C:\Users\admin\.m2\repository\org\springframework\boot\spring-boot-autoconfigure\2.7.8\spring-boot-autoconfigure-2.7.8.jar;C:\Users\admin\.m2\repository\org\springframework\boot\spring-boot-starter-logging\2.7.8\spring-boot-starter-logging-2.7.8.jar;C:\Users\admin\.m2\repository\ch\qos\logback\logback-classic\1.2.11\logback-classic-1.2.11.jar;C:\Users\admin\.m2\repository\ch\qos\logback\logback-core\1.2.11\logback-core-1.2.11.jar;C:\Users\admin\.m2\repository\org\apache\logging\log4j\log4j-to-slf4j\2.17.2\log4j-to-slf4j-2.17.2.jar;C:\Users\admin\.m2\repository\org\apache\logging\log4j\log4j-api\2.17.2\log4j-api-2.17.2.jar;C:\Users\admin\.m2\repository\org\slf4j\jul-to-slf4j\1.7.36\jul-to-slf4j-1.7.36.jar;C:\Users\admin\.m2\repository\jakarta\annotation\jakarta.annotation-api\1.3.5\jakarta.annotation-api-1.3.5.jar;C:\Users\admin\.m2\repository\org\yaml\snakeyaml\1.30\snakeyaml-1.30.jar;C:\Users\admin\.m2\repository\org\springframework\spring-aop\5.3.25\spring-aop-5.3.25.jar;C:\Users\admin\.m2\repository\org\springframework\spring-beans\5.3.25\spring-beans-5.3.25.jar;C:\Users\admin\.m2\repository\org\springframework\security\spring-security-config\5.7.6\spring-security-config-5.7.6.jar;C:\Users\admin\.m2\repository\org\springframework\security\spring-security-core\5.7.6\spring-security-core-5.7.6.jar;C:\Users\admin\.m2\repository\org\springframework\security\spring-security-crypto\5.7.6\spring-security-crypto-5.7.6.jar;C:\Users\admin\.m2\repository\org\springframework\spring-context\5.3.25\spring-context-5.3.25.jar;C:\Users\admin\.m2\repository\org\springframework\security\spring-security-web\5.7.6\spring-security-web-5.7.6.jar;C:\Users\admin\.m2\repository\org\springframework\spring-expression\5.3.25\spring-expression-5.3.25.jar;C:\Users\admin\.m2\repository\org\springframework\boot\spring-boot-starter-web\2.7.8\spring-boot-starter-web-2.7.8.jar;C:\Users\admin\.m2\repository\org\springframework\boot\spring-boot-starter-json\2.7.8\spring-boot-starter-json-2.7.8.jar;C:\Users\admin\.m2\repository\com\fasterxml\jackson\datatype\jackson-datatype-jdk8\2.13.4\jackson-datatype-jdk8-2.13.4.jar;C:\Users\admin\.m2\repository\com\fasterxml\jackson\datatype\jackson-datatype-jsr310\2.13.4\jackson-datatype-jsr310-2.13.4.jar;C:\Users\admin\.m2\repository\com\fasterxml\jackson\module\jackson-module-parameter-names\2.13.4\jackson-module-parameter-names-2.13.4.jar;C:\Users\admin\.m2\repository\org\springframework\boot\spring-boot-starter-tomcat\2.7.8\spring-boot-starter-tomcat-2.7.8.jar;C:\Users\admin\.m2\repository\org\apache\tomcat\embed\tomcat-embed-core\9.0.71\tomcat-embed-core-9.0.71.jar;C:\Users\admin\.m2\repository\org\apache\tomcat\embed\tomcat-embed-websocket\9.0.71\tomcat-embed-websocket-9.0.71.jar;C:\Users\admin\.m2\repository\org\springframework\spring-web\5.3.25\spring-web-5.3.25.jar;C:\Users\admin\.m2\repository\org\springframework\spring-webmvc\5.3.25\spring-webmvc-5.3.25.jar;C:\Users\admin\.m2\repository\org\springframework\boot\spring-boot-starter-webflux\2.7.8\spring-boot-starter-webflux-2.7.8.jar;C:\Users\admin\.m2\repository\org\springframework\boot\spring-boot-starter-reactor-netty\2.7.8\spring-boot-starter-reactor-netty-2.7.8.jar;C:\Users\admin\.m2\repository\io\projectreactor\netty\reactor-netty-http\1.0.27\reactor-netty-http-1.0.27.jar;C:\Users\admin\.m2\repository\io\netty\netty-codec-http\4.1.87.Final\netty-codec-http-4.1.87.Final.jar;C:\Users\admin\.m2\repository\io\netty\netty-common\4.1.87.Final\netty-common-4.1.87.Final.jar;C:\Users\admin\.m2\repository\io\netty\netty-buffer\4.1.87.Final\netty-buffer-4.1.87.Final.jar;C:\Users\admin\.m2\repository\io\netty\netty-transport\4.1.87.Final\netty-transport-4.1.87.Final.jar;C:\Users\admin\.m2\repository\io\netty\netty-codec\4.1.87.Final\netty-codec-4.1.87.Final.jar;C:\Users\admin\.m2\repository\io\netty\netty-handler\4.1.87.Final\netty-handler-4.1.87.Final.jar;C:\Users\admin\.m2\repository\io\netty\netty-codec-http2\4.1.87.Final\netty-codec-http2-4.1.87.Final.jar;C:\Users\admin\.m2\repository\io\netty\netty-resolver-dns\4.1.87.Final\netty-resolver-dns-4.1.87.Final.jar;C:\Users\admin\.m2\repository\io\netty\netty-resolver\4.1.87.Final\netty-resolver-4.1.87.Final.jar;C:\Users\admin\.m2\repository\io\netty\netty-codec-dns\4.1.87.Final\netty-codec-dns-4.1.87.Final.jar;C:\Users\admin\.m2\repository\io\netty\netty-resolver-dns-native-macos\4.1.87.Final\netty-resolver-dns-native-macos-4.1.87.Final-osx-x86_64.jar;C:\Users\admin\.m2\repository\io\netty\netty-resolver-dns-classes-macos\4.1.87.Final\netty-resolver-dns-classes-macos-4.1.87.Final.jar;C:\Users\admin\.m2\repository\io\netty\netty-transport-native-epoll\4.1.87.Final\netty-transport-native-epoll-4.1.87.Final-linux-x86_64.jar;C:\Users\admin\.m2\repository\io\netty\netty-transport-native-unix-common\4.1.87.Final\netty-transport-native-unix-common-4.1.87.Final.jar;C:\Users\admin\.m2\repository\io\netty\netty-transport-classes-epoll\4.1.87.Final\netty-transport-classes-epoll-4.1.87.Final.jar;C:\Users\admin\.m2\repository\io\projectreactor\netty\reactor-netty-core\1.0.27\reactor-netty-core-1.0.27.jar;C:\Users\admin\.m2\repository\io\netty\netty-handler-proxy\4.1.87.Final\netty-handler-proxy-4.1.87.Final.jar;C:\Users\admin\.m2\repository\io\netty\netty-codec-socks\4.1.87.Final\netty-codec-socks-4.1.87.Final.jar;C:\Users\admin\.m2\repository\org\springframework\spring-webflux\5.3.25\spring-webflux-5.3.25.jar;C:\Users\admin\.m2\repository\org\springframework\boot\spring-boot-starter-validation\2.7.8\spring-boot-starter-validation-2.7.8.jar;C:\Users\admin\.m2\repository\org\apache\tomcat\embed\tomcat-embed-el\9.0.71\tomcat-embed-el-9.0.71.jar;C:\Users\admin\.m2\repository\org\hibernate\validator\hibernate-validator\6.2.5.Final\hibernate-validator-6.2.5.Final.jar;C:\Users\admin\.m2\repository\jakarta\validation\jakarta.validation-api\2.0.2\jakarta.validation-api-2.0.2.jar;C:\Users\admin\.m2\repository\org\jboss\logging\jboss-logging\3.4.3.Final\jboss-logging-3.4.3.Final.jar;C:\Users\admin\.m2\repository\com\fasterxml\classmate\1.5.1\classmate-1.5.1.jar;C:\Users\admin\.m2\repository\com\auth0\java-jwt\3.10.3\java-jwt-3.10.3.jar;C:\Users\admin\.m2\repository\com\fasterxml\jackson\core\jackson-databind\2.13.4.2\jackson-databind-2.13.4.2.jar;C:\Users\admin\.m2\repository\com\fasterxml\jackson\core\jackson-annotations\2.13.4\jackson-annotations-2.13.4.jar;C:\Users\admin\.m2\repository\com\fasterxml\jackson\core\jackson-core\2.13.4\jackson-core-2.13.4.jar;C:\Users\admin\.m2\repository\commons-codec\commons-codec\1.15\commons-codec-1.15.jar;C:\Users\admin\.m2\repository\org\projectlombok\lombok\1.18.24\lombok-1.18.24.jar;C:\Users\admin\.m2\repository\org\springframework\boot\spring-boot-starter-test\2.7.8\spring-boot-starter-test-2.7.8.jar;C:\Users\admin\.m2\repository\org\springframework\boot\spring-boot-test\2.7.8\spring-boot-test-2.7.8.jar;C:\Users\admin\.m2\repository\org\springframework\boot\spring-boot-test-autoconfigure\2.7.8\spring-boot-test-autoconfigure-2.7.8.jar;C:\Users\admin\.m2\repository\com\jayway\jsonpath\json-path\2.7.0\json-path-2.7.0.jar;C:\Users\admin\.m2\repository\net\minidev\json-smart\2.4.8\json-smart-2.4.8.jar;C:\Users\admin\.m2\repository\net\minidev\accessors-smart\2.4.8\accessors-smart-2.4.8.jar;C:\Users\admin\.m2\repository\org\ow2\asm\asm\9.1\asm-9.1.jar;C:\Users\admin\.m2\repository\org\slf4j\slf4j-api\1.7.36\slf4j-api-1.7.36.jar;C:\Users\admin\.m2\repository\jakarta\xml\bind\jakarta.xml.bind-api\2.3.3\jakarta.xml.bind-api-2.3.3.jar;C:\Users\admin\.m2\repository\jakarta\activation\jakarta.activation-api\1.2.2\jakarta.activation-api-1.2.2.jar;C:\Users\admin\.m2\repository\org\assertj\assertj-core\3.22.0\assertj-core-3.22.0.jar;C:\Users\admin\.m2\repository\org\hamcrest\hamcrest\2.2\hamcrest-2.2.jar;C:\Users\admin\.m2\repository\org\junit\jupiter\junit-jupiter\5.8.2\junit-jupiter-5.8.2.jar;C:\Users\admin\.m2\repository\org\junit\jupiter\junit-jupiter-api\5.8.2\junit-jupiter-api-5.8.2.jar;C:\Users\admin\.m2\repository\org\opentest4j\opentest4j\1.2.0\opentest4j-1.2.0.jar;C:\Users\admin\.m2\repository\org\junit\platform\junit-platform-commons\1.8.2\junit-platform-commons-1.8.2.jar;C:\Users\admin\.m2\repository\org\apiguardian\apiguardian-api\1.1.2\apiguardian-api-1.1.2.jar;C:\Users\admin\.m2\repository\org\junit\jupiter\junit-jupiter-params\5.8.2\junit-jupiter-params-5.8.2.jar;C:\Users\admin\.m2\repository\org\junit\jupiter\junit-jupiter-engine\5.8.2\junit-jupiter-engine-5.8.2.jar;C:\Users\admin\.m2\repository\org\junit\platform\junit-platform-engine\1.8.2\junit-platform-engine-1.8.2.jar;C:\Users\admin\.m2\repository\org\mockito\mockito-core\4.5.1\mockito-core-4.5.1.jar;C:\Users\admin\.m2\repository\net\bytebuddy\byte-buddy\1.12.22\byte-buddy-1.12.22.jar;C:\Users\admin\.m2\repository\net\bytebuddy\byte-buddy-agent\1.12.22\byte-buddy-agent-1.12.22.jar;C:\Users\admin\.m2\repository\org\objenesis\objenesis\3.2\objenesis-3.2.jar;C:\Users\admin\.m2\repository\org\mockito\mockito-junit-jupiter\4.5.1\mockito-junit-jupiter-4.5.1.jar;C:\Users\admin\.m2\repository\org\skyscreamer\jsonassert\1.5.1\jsonassert-1.5.1.jar;C:\Users\admin\.m2\repository\com\vaadin\external\google\android-json\0.0.20131108.vaadin1\android-json-0.0.20131108.vaadin1.jar;C:\Users\admin\.m2\repository\org\springframework\spring-core\5.3.25\spring-core-5.3.25.jar;C:\Users\admin\.m2\repository\org\springframework\spring-jcl\5.3.25\spring-jcl-5.3.25.jar;C:\Users\admin\.m2\repository\org\springframework\spring-test\5.3.25\spring-test-5.3.25.jar;C:\Users\admin\.m2\repository\org\xmlunit\xmlunit-core\2.9.1\xmlunit-core-2.9.1.jar;C:\Users\admin\.m2\repository\io\projectreactor\reactor-test\3.4.26\reactor-test-3.4.26.jar;C:\Users\admin\.m2\repository\io\projectreactor\reactor-core\3.4.26\reactor-core-3.4.26.jar;C:\Users\admin\.m2\repository\org\reactivestreams\reactive-streams\1.0.4\reactive-streams-1.0.4.jar;"/>
    <property name="sun.cpu.endian" value="little"/>
    <property name="user.home" value="C:\Users\admin"/>
    <property name="user.language" value="en"/>
    <property name="java.specification.vendor" value="Oracle Corporation"/>
    <property name="java.version.date" value="2023-01-17"/>
    <property name="java.home" value="C:\Users\admin\.jdks\corretto-17.0.6"/>
    <property name="file.separator" value="\"/>
    <property name="basedir" value="C:\Workspaces\_COREMAKER\auth_new"/>
    <property name="java.vm.compressedOopsMode" value="Zero based"/>
    <property name="line.separator" value="&#10;"/>
    <property name="java.vm.specification.vendor" value="Oracle Corporation"/>
    <property name="java.specification.name" value="Java Platform API Specification"/>
    <property name="surefire.real.class.path" value="C:\Users\admin\AppData\Local\Temp\surefire4931978390909966172\surefirebooter4145139024112810183.jar"/>
    <property name="user.script" value=""/>
    <property name="sun.management.compiler" value="HotSpot 64-Bit Tiered Compilers"/>
    <property name="java.runtime.version" value="17.0.6+10-LTS"/>
    <property name="user.name" value="admin"/>
    <property name="path.separator" value=";"/>
    <property name="os.version" value="10.0"/>
    <property name="java.runtime.name" value="OpenJDK Runtime Environment"/>
    <property name="file.encoding" value="Cp1252"/>
    <property name="java.vm.name" value="OpenJDK 64-Bit Server VM"/>
    <property name="java.vendor.version" value="Corretto-17.0.6.10.1"/>
    <property name="localRepository" value="C:\Users\admin\.m2\repository"/>
    <property name="java.vendor.url.bug" value="https://github.com/corretto/corretto-17/issues/"/>
    <property name="java.io.tmpdir" value="C:\Users\admin\AppData\Local\Temp\"/>
    <property name="java.version" value="17.0.6"/>
    <property name="user.dir" value="C:\Workspaces\_COREMAKER\auth_new"/>
    <property name="os.arch" value="amd64"/>
    <property name="java.vm.specification.name" value="Java Virtual Machine Specification"/>
    <property name="sun.os.patch.level" value=""/>
    <property name="native.encoding" value="Cp1252"/>
    <property name="java.library.path" value="C:\Users\admin\.jdks\corretto-17.0.6\bin;C:\WINDOWS\Sun\Java\bin;C:\WINDOWS\system32;C:\WINDOWS;C:\Users\admin\.jdks\corretto-17.0.6\bin;C:\Program Files (x86)\Razer Chroma SDK\bin;C:\Program Files\Razer Chroma SDK\bin;C:\Program Files (x86)\Razer\ChromaBroadcast\bin;C:\Program Files\Razer\ChromaBroadcast\bin;C:\Python39\Scripts\;C:\Python39\;C:\Windows\system32;C:\Windows;C:\Windows\System32\Wbem;C:\Windows\System32\WindowsPowerShell\v1.0\;C:\Windows\System32\OpenSSH\;C:\Program Files\NVIDIA Corporation\NVIDIA NvDLISR;C:\Program Files (x86)\NVIDIA Corporation\PhysX\Common;C:\Program Files\Git\cmd;C:\kafka_2.12-2.5.0\bin\windows;C:\Program Files\Java\jdk-11.0.7\bin;C:\Program Files (x86)\Microsoft SQL Server\150\DTS\Binn\;C:\Program Files\Microsoft SQL Server\Client SDK\ODBC\170\Tools\Binn\;C:\Program Files (x86)\Microsoft SQL Server\150\Tools\Binn\;C:\Program Files\Microsoft SQL Server\150\Tools\Binn\;C:\Program Files\Microsoft SQL Server\150\DTS\Binn\;C:\Program Files\kotlinc\bin;C:\Program Files\Amazon\AWSCLIV2\;C:\WINDOWS\system32;C:\WINDOWS;C:\WINDOWS\System32\Wbem;C:\WINDOWS\System32\WindowsPowerShell\v1.0\;C:\WINDOWS\System32\OpenSSH\;C:\apache-maven-3.8.1\bin;C:\Program Files\nodejs\;C:\ProgramData\chocolatey\bin;C:\Program Files\Graphviz\bin;C:\istio-1.7.1\bin;C:\Program Files\Go\bin;C:\Users\admin\go\bin;C:\Program Files (x86)\scala\bin;C:\Program Files (x86)\sbt\bin;C:\WINDOWS\system32\config\systemprofile\AppData\Local\Microsoft\WindowsApps;C:\minishift-1.34.3-windows-amd64;C:\openshift_cli;C:\Program Files\Docker\Docker\resources\bin;C:\ProgramData\DockerDesktop\version-bin;C:\Users\admin\AppData\Local\Microsoft\WindowsApps;C:\Program Files\JetBrains\IntelliJ IDEA 2020.1\bin;;C:\kafka_2.12-2.5.0\bin\windows;C:\Users\admin\.jdks\corretto-17.0.6\bin;C:\Users\admin\AppData\Local\Programs\Azure Data Studio\bin;C:\Program Files\kotlinc\bin;C:\apache-maven-3.8.1\bin;C:\Users\admin\AppData\Roaming\npm;C:\istio-1.7.1\bin;C:\Users\admin\go\bin;C:\Users\admin\go\bin;C:\minishift-1.34.3-windows-amd64;C:\openshift_cli;;."/>
    <property name="java.vm.info" value="mixed mode, sharing"/>
    <property name="java.vendor" value="Amazon.com Inc."/>
    <property name="java.vm.version" value="17.0.6+10-LTS"/>
    <property name="sun.io.unicode.encoding" value="UnicodeLittle"/>
    <property name="java.class.version" value="61.0"/>
  </properties>
  <testcase name="testRegistrationFlow" classname="com.ieremeiov.authserver.HappyTest" time="1.178"/>
</testsuite>